<?xml version="1.0" encoding="UTF-8"?>
<!-- Generated by org.testng.reporters.JUnitReportReporter -->
<testsuite skipped="0" hostname="P4ALAP-7172XY6" name="Test04_Parameterization_dataDriven" tests="4" failures="0" timestamp="13 Jun 2021 11:01:45 GMT" time="3.522" errors="0">
  <testcase name="testPost" time="0.094" classname="Test04_Parameterization_dataDriven"/>
  <testcase name="testPost" time="0.036" classname="Test04_Parameterization_dataDriven"/>
  <testcase name="testPost" time="3.321" classname="Test04_Parameterization_dataDriven"/>
  <testcase name="testPost" time="0.071" classname="Test04_Parameterization_dataDriven"/>
</testsuite> <!-- Test04_Parameterization_dataDriven -->
