<?xml version="1.0" encoding="UTF-8"?>
<!-- Generated by org.testng.reporters.JUnitReportReporter -->
<testsuite skipped="0" hostname="P4ALAP-7172XY6" name="utility.ExcelUtils" tests="2" failures="0" timestamp="20 Jun 2021 18:46:24 GMT" time="1.097" errors="0">
  <testcase name="getCellData" time="1.031" classname="utility.ExcelUtils"/>
  <testcase name="getRowCount" time="0.066" classname="utility.ExcelUtils"/>
</testsuite> <!-- utility.ExcelUtils -->
