<?xml version="1.0" encoding="UTF-8"?>
<!-- Generated by org.testng.reporters.JUnitReportReporter -->
<testsuite skipped="0" hostname="Admin-PC" name="Test01_Get" tests="1" failures="0" timestamp="07 Jun 2021 03:38:57 GMT" time="9.643" errors="0">
  <testcase name="test01" time="9.643" classname="Test01_Get"/>
</testsuite> <!-- Test01_Get -->
