<?xml version="1.0" encoding="UTF-8"?>
<!-- Generated by org.testng.reporters.JUnitReportReporter -->
<testsuite skipped="0" hostname="P4ALAP-7172XY6" name="Test04_Parameterization" tests="1" failures="0" timestamp="13 Jun 2021 08:53:32 GMT" time="3.295" errors="0">
  <testcase name="testPost" time="3.295" classname="Test04_Parameterization"/>
</testsuite> <!-- Test04_Parameterization -->
