<?xml version="1.0" encoding="UTF-8"?>
<!-- Generated by org.testng.reporters.JUnitReportReporter -->
<testsuite skipped="0" hostname="P4ALAP-7172XY6" name="ExampleFromGuru99" tests="1" failures="0" timestamp="13 Jun 2021 06:30:12 GMT" time="14.895" errors="0">
  <testcase name="getResponseBody" time="14.895" classname="ExampleFromGuru99"/>
</testsuite> <!-- ExampleFromGuru99 -->
