<?xml version="1.0" encoding="UTF-8"?>
<!-- Generated by org.testng.reporters.JUnitReportReporter -->
<testsuite skipped="0" hostname="P4ALAP-7172XY6" name="Test01_Post" tests="4" failures="0" timestamp="13 Jun 2021 08:49:44 GMT" time="5.113" errors="0">
  <testcase name="verifyDelete" time="2.824" classname="Test01_Post"/>
  <testcase name="verifyPatch" time="0.914" classname="Test01_Post"/>
  <testcase name="verifyPost" time="0.580" classname="Test01_Post"/>
  <testcase name="verifyPut" time="0.795" classname="Test01_Post"/>
</testsuite> <!-- Test01_Post -->
