<?xml version="1.0" encoding="UTF-8"?>
<!-- Generated by org.testng.reporters.JUnitReportReporter -->
<testsuite skipped="0" hostname="P4ALAP-7172XY6" name="CreateaServer" tests="3" failures="0" timestamp="13 Jun 2021 08:42:35 GMT" time="2.412" errors="0">
  <testcase name="testPost" time="2.207" classname="CreateaServer"/>
  <testcase name="testPut" time="0.170" classname="CreateaServer"/>
  <testcase name="testPatch" time="0.035" classname="CreateaServer"/>
</testsuite> <!-- CreateaServer -->
